INFO  22:08:04,349 | james.mailrepositorystore | JamesMailStore init...
INFO  22:08:05,316 | james.mailrepositorystore | Registering Repository instance of class org.apache.james.mailrepository.file.FileMailRepository to handle file protocol requests for repositories with key file
INFO  22:08:05,316 | james.mailrepositorystore | Registering Repository instance of class org.apache.james.mailrepository.jdbc.JDBCMailRepository to handle db protocol requests for repositories with key db
INFO  22:08:05,316 | james.mailrepositorystore | Registering Repository instance of class org.apache.james.mailrepository.jdbc.JDBCMailRepository to handle dbfile protocol requests for repositories with key dbfile
INFO  22:08:05,316 | james.mailrepositorystore | Registering Repository instance of class org.apache.james.mailrepository.file.MBoxMailRepository to handle mbox protocol requests for repositories with key mbox
INFO  22:08:52,711 | james.mailrepositorystore | Init org.apache.james.repository.file.FilePersistentObjectRepository Store
INFO  22:08:52,852 | james.mailrepositorystore | org.apache.james.repository.file.FilePersistentObjectRepository opened in ..\var\mail\error
INFO  22:08:52,852 | james.mailrepositorystore | Init org.apache.james.repository.file.FilePersistentStreamRepository Store
INFO  22:08:52,852 | james.mailrepositorystore | org.apache.james.repository.file.FilePersistentStreamRepository opened in ..\var\mail\error
INFO  22:08:52,852 | james.mailrepositorystore | Init org.apache.james.repository.file.FilePersistentObjectRepository Store
INFO  22:08:52,867 | james.mailrepositorystore | org.apache.james.repository.file.FilePersistentObjectRepository opened in ..\var\mail\error
INFO  22:08:52,867 | james.mailrepositorystore | Init org.apache.james.repository.file.FilePersistentStreamRepository Store
INFO  22:08:52,867 | james.mailrepositorystore | org.apache.james.repository.file.FilePersistentStreamRepository opened in ..\var\mail\error
INFO  22:08:52,867 | james.mailrepositorystore | added repository: file://var/mail/error/->org.apache.james.mailrepository.file.FileMailRepository
INFO  22:08:54,838 | james.mailrepositorystore | Init org.apache.james.repository.file.FilePersistentObjectRepository Store
INFO  22:08:54,838 | james.mailrepositorystore | org.apache.james.repository.file.FilePersistentObjectRepository opened in ..\var\mail\over-quota-error
INFO  22:08:54,838 | james.mailrepositorystore | Init org.apache.james.repository.file.FilePersistentStreamRepository Store
INFO  22:08:54,838 | james.mailrepositorystore | org.apache.james.repository.file.FilePersistentStreamRepository opened in ..\var\mail\over-quota-error
INFO  22:08:54,838 | james.mailrepositorystore | Init org.apache.james.repository.file.FilePersistentObjectRepository Store
INFO  22:08:54,838 | james.mailrepositorystore | org.apache.james.repository.file.FilePersistentObjectRepository opened in ..\var\mail\over-quota-error
INFO  22:08:54,838 | james.mailrepositorystore | Init org.apache.james.repository.file.FilePersistentStreamRepository Store
INFO  22:08:54,838 | james.mailrepositorystore | org.apache.james.repository.file.FilePersistentStreamRepository opened in ..\var\mail\over-quota-error
INFO  22:08:54,838 | james.mailrepositorystore | added repository: file://var/mail/over-quota-error/->org.apache.james.mailrepository.file.FileMailRepository
INFO  22:08:54,963 | james.mailrepositorystore | Init org.apache.james.repository.file.FilePersistentObjectRepository Store
INFO  22:08:54,963 | james.mailrepositorystore | org.apache.james.repository.file.FilePersistentObjectRepository opened in ..\var\mail\spam
INFO  22:08:54,963 | james.mailrepositorystore | Init org.apache.james.repository.file.FilePersistentStreamRepository Store
INFO  22:08:54,963 | james.mailrepositorystore | org.apache.james.repository.file.FilePersistentStreamRepository opened in ..\var\mail\spam
INFO  22:08:54,963 | james.mailrepositorystore | Init org.apache.james.repository.file.FilePersistentObjectRepository Store
INFO  22:08:54,963 | james.mailrepositorystore | org.apache.james.repository.file.FilePersistentObjectRepository opened in ..\var\mail\spam
INFO  22:08:54,963 | james.mailrepositorystore | Init org.apache.james.repository.file.FilePersistentStreamRepository Store
INFO  22:08:54,963 | james.mailrepositorystore | org.apache.james.repository.file.FilePersistentStreamRepository opened in ..\var\mail\spam
INFO  22:08:54,963 | james.mailrepositorystore | added repository: file://var/mail/spam/->org.apache.james.mailrepository.file.FileMailRepository
INFO  22:08:55,119 | james.mailrepositorystore | Init org.apache.james.repository.file.FilePersistentObjectRepository Store
INFO  22:08:55,151 | james.mailrepositorystore | org.apache.james.repository.file.FilePersistentObjectRepository opened in ..\var\mail\address-error
INFO  22:08:55,151 | james.mailrepositorystore | Init org.apache.james.repository.file.FilePersistentStreamRepository Store
INFO  22:08:55,151 | james.mailrepositorystore | org.apache.james.repository.file.FilePersistentStreamRepository opened in ..\var\mail\address-error
INFO  22:08:55,151 | james.mailrepositorystore | Init org.apache.james.repository.file.FilePersistentObjectRepository Store
INFO  22:08:55,151 | james.mailrepositorystore | org.apache.james.repository.file.FilePersistentObjectRepository opened in ..\var\mail\address-error
INFO  22:08:55,151 | james.mailrepositorystore | Init org.apache.james.repository.file.FilePersistentStreamRepository Store
INFO  22:08:55,151 | james.mailrepositorystore | org.apache.james.repository.file.FilePersistentStreamRepository opened in ..\var\mail\address-error
INFO  22:08:55,151 | james.mailrepositorystore | added repository: file://var/mail/address-error/->org.apache.james.mailrepository.file.FileMailRepository
INFO  22:08:55,244 | james.mailrepositorystore | Init org.apache.james.repository.file.FilePersistentObjectRepository Store
INFO  22:08:55,244 | james.mailrepositorystore | org.apache.james.repository.file.FilePersistentObjectRepository opened in ..\var\mail\relay-denied
INFO  22:08:55,244 | james.mailrepositorystore | Init org.apache.james.repository.file.FilePersistentStreamRepository Store
INFO  22:08:55,244 | james.mailrepositorystore | org.apache.james.repository.file.FilePersistentStreamRepository opened in ..\var\mail\relay-denied
INFO  22:08:55,244 | james.mailrepositorystore | Init org.apache.james.repository.file.FilePersistentObjectRepository Store
INFO  22:08:55,244 | james.mailrepositorystore | org.apache.james.repository.file.FilePersistentObjectRepository opened in ..\var\mail\relay-denied
INFO  22:08:55,244 | james.mailrepositorystore | Init org.apache.james.repository.file.FilePersistentStreamRepository Store
INFO  22:08:55,244 | james.mailrepositorystore | org.apache.james.repository.file.FilePersistentStreamRepository opened in ..\var\mail\relay-denied
INFO  22:08:55,244 | james.mailrepositorystore | added repository: file://var/mail/relay-denied/->org.apache.james.mailrepository.file.FileMailRepository
